[DEBUG] 2024-03-22 13:44:06.557 [main] InternalLoggerFactory - Using Log4J2 as the default logging framework
[DEBUG] 2024-03-22 13:44:06.562 [main] ResourceLeakDetector - -Dio.netty.leakDetection.level: simple
[DEBUG] 2024-03-22 13:44:06.562 [main] ResourceLeakDetector - -Dio.netty.leakDetection.targetRecords: 4
[DEBUG] 2024-03-22 13:44:06.565 [main] ResourceLeakDetectorFactory - Loaded default ResourceLeakDetector: io.netty.util.ResourceLeakDetector@23706db8
[DEBUG] 2024-03-22 13:44:06.572 [main] PlatformDependent0 - -Dio.netty.noUnsafe: false
[DEBUG] 2024-03-22 13:44:06.572 [main] PlatformDependent0 - Java version: 17
[DEBUG] 2024-03-22 13:44:06.573 [main] PlatformDependent0 - sun.misc.Unsafe.theUnsafe: available
[DEBUG] 2024-03-22 13:44:06.573 [main] PlatformDependent0 - sun.misc.Unsafe.copyMemory: available
[DEBUG] 2024-03-22 13:44:06.573 [main] PlatformDependent0 - sun.misc.Unsafe.storeFence: available
[DEBUG] 2024-03-22 13:44:06.574 [main] PlatformDependent0 - java.nio.Buffer.address: available
[DEBUG] 2024-03-22 13:44:06.574 [main] PlatformDependent0 - direct buffer constructor: unavailable: Reflective setAccessible(true) disabled
[DEBUG] 2024-03-22 13:44:06.575 [main] PlatformDependent0 - java.nio.Bits.unaligned: available, true
[DEBUG] 2024-03-22 13:44:06.575 [main] PlatformDependent0 - jdk.internal.misc.Unsafe.allocateUninitializedArray(int): unavailable: class io.netty.util.internal.PlatformDependent0$7 cannot access class jdk.internal.misc.Unsafe (in module java.base) because module java.base does not export jdk.internal.misc to unnamed module @3952037b
[DEBUG] 2024-03-22 13:44:06.576 [main] PlatformDependent0 - java.nio.DirectByteBuffer.<init>(long, {int,long}): unavailable
[DEBUG] 2024-03-22 13:44:06.576 [main] PlatformDependent - sun.misc.Unsafe: available
[DEBUG] 2024-03-22 13:44:06.576 [main] PlatformDependent - maxDirectMemory: 4108320768 bytes (maybe)
[DEBUG] 2024-03-22 13:44:06.576 [main] PlatformDependent - -Dio.netty.tmpdir: /tmp (java.io.tmpdir)
[DEBUG] 2024-03-22 13:44:06.576 [main] PlatformDependent - -Dio.netty.bitMode: 64 (sun.arch.data.model)
[DEBUG] 2024-03-22 13:44:06.577 [main] PlatformDependent - -Dio.netty.maxDirectMemory: -1 bytes
[DEBUG] 2024-03-22 13:44:06.577 [main] PlatformDependent - -Dio.netty.uninitializedArrayAllocationThreshold: -1
[DEBUG] 2024-03-22 13:44:06.577 [main] CleanerJava9 - java.nio.ByteBuffer.cleaner(): available
[DEBUG] 2024-03-22 13:44:06.578 [main] PlatformDependent - -Dio.netty.noPreferDirect: false
[DEBUG] 2024-03-22 13:44:06.581 [main] PlatformDependent - org.jctools-core.MpscChunkedArrayQueue: available
[DEBUG] 2024-03-22 13:44:06.590 [main] InternalThreadLocalMap - -Dio.netty.threadLocalMap.stringBuilder.initialSize: 1024
[DEBUG] 2024-03-22 13:44:06.590 [main] InternalThreadLocalMap - -Dio.netty.threadLocalMap.stringBuilder.maxSize: 4096
[DEBUG] 2024-03-22 13:44:06.660 [main] JdkSslContext - Default protocols (JDK): [TLSv1.3, TLSv1.2] 
[DEBUG] 2024-03-22 13:44:06.660 [main] JdkSslContext - Default cipher suites (JDK): [TLS_ECDHE_ECDSA_WITH_AES_256_GCM_SHA384, TLS_ECDHE_ECDSA_WITH_AES_128_GCM_SHA256, TLS_ECDHE_RSA_WITH_AES_128_GCM_SHA256, TLS_ECDHE_RSA_WITH_AES_256_GCM_SHA384, TLS_ECDHE_RSA_WITH_AES_128_CBC_SHA, TLS_ECDHE_RSA_WITH_AES_256_CBC_SHA, TLS_RSA_WITH_AES_128_GCM_SHA256, TLS_RSA_WITH_AES_128_CBC_SHA, TLS_RSA_WITH_AES_256_CBC_SHA, TLS_AES_128_GCM_SHA256, TLS_AES_256_GCM_SHA384]
[DEBUG] 2024-03-22 13:44:06.669 [main] GlobalEventExecutor - -Dio.netty.globalEventExecutor.quietPeriodSeconds: 1
[DEBUG] 2024-03-22 13:44:06.680 [main] MultithreadEventLoopGroup - -Dio.netty.eventLoopThreads: 24
[DEBUG] 2024-03-22 13:44:06.688 [main] NioEventLoop - -Dio.netty.noKeySetOptimization: false
[DEBUG] 2024-03-22 13:44:06.689 [main] NioEventLoop - -Dio.netty.selectorAutoRebuildThreshold: 512
[DEBUG] 2024-03-22 13:44:06.704 [main] PooledByteBufAllocator - -Dio.netty.allocator.numHeapArenas: 24
[DEBUG] 2024-03-22 13:44:06.704 [main] PooledByteBufAllocator - -Dio.netty.allocator.numDirectArenas: 24
[DEBUG] 2024-03-22 13:44:06.704 [main] PooledByteBufAllocator - -Dio.netty.allocator.pageSize: 8192
[DEBUG] 2024-03-22 13:44:06.704 [main] PooledByteBufAllocator - -Dio.netty.allocator.maxOrder: 9
[DEBUG] 2024-03-22 13:44:06.704 [main] PooledByteBufAllocator - -Dio.netty.allocator.chunkSize: 4194304
[DEBUG] 2024-03-22 13:44:06.704 [main] PooledByteBufAllocator - -Dio.netty.allocator.smallCacheSize: 256
[DEBUG] 2024-03-22 13:44:06.705 [main] PooledByteBufAllocator - -Dio.netty.allocator.normalCacheSize: 64
[DEBUG] 2024-03-22 13:44:06.705 [main] PooledByteBufAllocator - -Dio.netty.allocator.maxCachedBufferCapacity: 32768
[DEBUG] 2024-03-22 13:44:06.705 [main] PooledByteBufAllocator - -Dio.netty.allocator.cacheTrimInterval: 8192
[DEBUG] 2024-03-22 13:44:06.705 [main] PooledByteBufAllocator - -Dio.netty.allocator.cacheTrimIntervalMillis: 0
[DEBUG] 2024-03-22 13:44:06.705 [main] PooledByteBufAllocator - -Dio.netty.allocator.useCacheForAllThreads: false
[DEBUG] 2024-03-22 13:44:06.705 [main] PooledByteBufAllocator - -Dio.netty.allocator.maxCachedByteBuffersPerChunk: 1023
[DEBUG] 2024-03-22 13:44:06.711 [main] ByteBufUtil - -Dio.netty.allocator.type: pooled
[DEBUG] 2024-03-22 13:44:06.711 [main] ByteBufUtil - -Dio.netty.threadLocalDirectBufferSize: 0
[DEBUG] 2024-03-22 13:44:06.711 [main] ByteBufUtil - -Dio.netty.maxThreadLocalCharBufferSize: 16384
[DEBUG] 2024-03-22 13:44:06.797 [Forwarding newSession on session null to remote] DefaultChannelId - -Dio.netty.processId: 12554 (auto-detected)
[DEBUG] 2024-03-22 13:44:06.798 [Forwarding newSession on session null to remote] NetUtil - -Djava.net.preferIPv4Stack: false
[DEBUG] 2024-03-22 13:44:06.798 [Forwarding newSession on session null to remote] NetUtil - -Djava.net.preferIPv6Addresses: false
[DEBUG] 2024-03-22 13:44:06.799 [Forwarding newSession on session null to remote] NetUtilInitializations - Loopback interface: lo (lo, 0:0:0:0:0:0:0:1%lo)
[DEBUG] 2024-03-22 13:44:06.800 [Forwarding newSession on session null to remote] NetUtil - /proc/sys/net/core/somaxconn: 4096
[DEBUG] 2024-03-22 13:44:06.800 [Forwarding newSession on session null to remote] DefaultChannelId - -Dio.netty.machineId: 04:e8:b9:ff:fe:06:ef:1e (auto-detected)
[DEBUG] 2024-03-22 13:44:06.824 [AsyncHttpClient-1-2] AbstractByteBuf - -Dio.netty.buffer.checkAccessible: true
[DEBUG] 2024-03-22 13:44:06.825 [AsyncHttpClient-1-2] AbstractByteBuf - -Dio.netty.buffer.checkBounds: true
[DEBUG] 2024-03-22 13:44:06.825 [AsyncHttpClient-1-2] ResourceLeakDetectorFactory - Loaded default ResourceLeakDetector: io.netty.util.ResourceLeakDetector@2651e7b4
[DEBUG] 2024-03-22 13:44:06.843 [AsyncHttpClient-1-2] Recycler - -Dio.netty.recycler.maxCapacityPerThread: 4096
[DEBUG] 2024-03-22 13:44:06.844 [AsyncHttpClient-1-2] Recycler - -Dio.netty.recycler.ratio: 8
[DEBUG] 2024-03-22 13:44:06.844 [AsyncHttpClient-1-2] Recycler - -Dio.netty.recycler.chunkSize: 32
[DEBUG] 2024-03-22 13:44:06.844 [AsyncHttpClient-1-2] Recycler - -Dio.netty.recycler.blocking: false
[DEBUG] 2024-03-22 13:44:06.844 [AsyncHttpClient-1-2] Recycler - -Dio.netty.recycler.batchFastThreadLocalOnly: true
[DEBUG] 2024-03-22 13:44:11.199 [AsyncHttpClient-1-2] Brotli - brotli4j not in the classpath; Brotli support will be unavailable.
[INFO ] 2024-03-22 13:44:19.224 [main] LoginScreen - Username is entered
[INFO ] 2024-03-22 13:44:21.244 [main] LoginScreen - Password is entered
